<?xml version="1.0" encoding="UTF-8"?>
<coverage generated="1565450201596" clover="3.2.0">
  <project timestamp="1565450201596" name="All files">
    <metrics statements="32" coveredstatements="24" conditionals="26" coveredconditionals="16" methods="9" coveredmethods="5" elements="67" coveredelements="45" complexity="0" loc="32" ncloc="32" packages="1" files="1" classes="1"/>
    <file name="index.tsx" path="/Users/sj/code/work/os-projects/react-css-marquee/src/index.tsx">
      <metrics statements="32" coveredstatements="24" conditionals="26" coveredconditionals="16" methods="9" coveredmethods="5"/>
      <line num="2" count="1" type="cond" truecount="3" falsecount="0"/>
      <line num="3" count="1" type="cond" truecount="1" falsecount="1"/>
      <line num="4" count="0" type="stmt"/>
      <line num="5" count="0" type="stmt"/>
      <line num="6" count="0" type="cond" truecount="0" falsecount="2"/>
      <line num="7" count="0" type="stmt"/>
      <line num="9" count="0" type="stmt"/>
      <line num="11" count="1" type="stmt"/>
      <line num="13" count="1" type="cond" truecount="3" falsecount="0"/>
      <line num="14" count="1" type="cond" truecount="3" falsecount="1"/>
      <line num="16" count="1" type="stmt"/>
      <line num="17" count="1" type="stmt"/>
      <line num="18" count="1" type="stmt"/>
      <line num="19" count="3" type="stmt"/>
      <line num="23" count="3" type="stmt"/>
      <line num="24" count="3" type="stmt"/>
      <line num="25" count="0" type="stmt"/>
      <line num="26" count="0" type="stmt"/>
      <line num="27" count="0" type="stmt"/>
      <line num="29" count="3" type="stmt"/>
      <line num="31" count="1" type="stmt"/>
      <line num="32" count="1" type="stmt"/>
      <line num="33" count="2" type="cond" truecount="5" falsecount="5"/>
      <line num="34" count="2" type="stmt"/>
      <line num="35" count="2" type="stmt"/>
      <line num="36" count="2" type="stmt"/>
      <line num="37" count="2" type="cond" truecount="1" falsecount="1"/>
      <line num="38" count="2" type="stmt"/>
      <line num="39" count="2" type="stmt"/>
      <line num="40" count="2" type="stmt"/>
      <line num="41" count="2" type="stmt"/>
      <line num="46" count="1" type="stmt"/>
    </file>
  </project>
</coverage>
