{"/Users/sj/code/work/os-projects/react-css-marquee/src/index.tsx": {"path":"/Users/sj/code/work/os-projects/react-css-marquee/src/index.tsx","statementMap":{"0":{"start":{"line":2,"column":15},"end":{"line":12,"column":1}},"1":{"start":{"line":3,"column":4},"end":{"line":10,"column":6}},"2":{"start":{"line":4,"column":8},"end":{"line":8,"column":9}},"3":{"start":{"line":4,"column":24},"end":{"line":4,"column":25}},"4":{"start":{"line":4,"column":31},"end":{"line":4,"column":47}},"5":{"start":{"line":5,"column":12},"end":{"line":5,"column":29}},"6":{"start":{"line":6,"column":12},"end":{"line":7,"column":28}},"7":{"start":{"line":6,"column":29},"end":{"line":7,"column":28}},"8":{"start":{"line":7,"column":16},"end":{"line":7,"column":28}},"9":{"start":{"line":9,"column":8},"end":{"line":9,"column":17}},"10":{"start":{"line":11,"column":4},"end":{"line":11,"column":43}},"11":{"start":{"line":13,"column":22},"end":{"line":15,"column":1}},"12":{"start":{"line":14,"column":4},"end":{"line":14,"column":62}},"13":{"start":{"line":16,"column":0},"end":{"line":16,"column":26}},"14":{"start":{"line":17,"column":14},"end":{"line":17,"column":47}},"15":{"start":{"line":18,"column":20},"end":{"line":30,"column":1}},"16":{"start":{"line":19,"column":18},"end":{"line":22,"column":9}},"17":{"start":{"line":19,"column":32},"end":{"line":22,"column":7}},"18":{"start":{"line":23,"column":13},"end":{"line":23,"column":49}},"19":{"start":{"line":23,"column":58},"end":{"line":23,"column":63}},"20":{"start":{"line":23,"column":75},"end":{"line":23,"column":80}},"21":{"start":{"line":24,"column":4},"end":{"line":28,"column":11}},"22":{"start":{"line":25,"column":23},"end":{"line":25,"column":63}},"23":{"start":{"line":25,"column":37},"end":{"line":25,"column":61}},"24":{"start":{"line":26,"column":8},"end":{"line":26,"column":52}},"25":{"start":{"line":27,"column":8},"end":{"line":27,"column":86}},"26":{"start":{"line":27,"column":29},"end":{"line":27,"column":83}},"27":{"start":{"line":29,"column":4},"end":{"line":29,"column":16}},"28":{"start":{"line":31,"column":0},"end":{"line":31,"column":38}},"29":{"start":{"line":32,"column":14},"end":{"line":45,"column":1}},"30":{"start":{"line":33,"column":13},"end":{"line":33,"column":20}},"31":{"start":{"line":33,"column":29},"end":{"line":33,"column":65}},"32":{"start":{"line":33,"column":72},"end":{"line":33,"column":84}},"33":{"start":{"line":33,"column":98},"end":{"line":33,"column":125}},"34":{"start":{"line":33,"column":132},"end":{"line":33,"column":142}},"35":{"start":{"line":33,"column":154},"end":{"line":33,"column":176}},"36":{"start":{"line":33,"column":183},"end":{"line":33,"column":190}},"37":{"start":{"line":33,"column":199},"end":{"line":33,"column":221}},"38":{"start":{"line":33,"column":232},"end":{"line":33,"column":241}},"39":{"start":{"line":33,"column":248},"end":{"line":33,"column":256}},"40":{"start":{"line":33,"column":266},"end":{"line":33,"column":288}},"41":{"start":{"line":34,"column":16},"end":{"line":34,"column":37}},"42":{"start":{"line":35,"column":21},"end":{"line":35,"column":65}},"43":{"start":{"line":36,"column":25},"end":{"line":36,"column":77}},"44":{"start":{"line":37,"column":23},"end":{"line":37,"column":65}},"45":{"start":{"line":38,"column":19},"end":{"line":38,"column":21}},"46":{"start":{"line":39,"column":19},"end":{"line":39,"column":43}},"47":{"start":{"line":40,"column":26},"end":{"line":40,"column":65}},"48":{"start":{"line":41,"column":4},"end":{"line":44,"column":145}},"49":{"start":{"line":46,"column":0},"end":{"line":46,"column":29}}},"fnMap":{"0":{"name":"(anonymous_0)","decl":{"start":{"line":2,"column":42},"end":{"line":2,"column":43}},"loc":{"start":{"line":2,"column":54},"end":{"line":12,"column":1}},"line":2},"1":{"name":"(anonymous_1)","decl":{"start":{"line":3,"column":32},"end":{"line":3,"column":33}},"loc":{"start":{"line":3,"column":44},"end":{"line":10,"column":5}},"line":3},"2":{"name":"(anonymous_2)","decl":{"start":{"line":13,"column":56},"end":{"line":13,"column":57}},"loc":{"start":{"line":13,"column":71},"end":{"line":15,"column":1}},"line":13},"3":{"name":"(anonymous_3)","decl":{"start":{"line":18,"column":20},"end":{"line":18,"column":21}},"loc":{"start":{"line":18,"column":32},"end":{"line":30,"column":1}},"line":18},"4":{"name":"(anonymous_4)","decl":{"start":{"line":19,"column":18},"end":{"line":19,"column":19}},"loc":{"start":{"line":19,"column":30},"end":{"line":22,"column":9}},"line":19},"5":{"name":"(anonymous_5)","decl":{"start":{"line":24,"column":33},"end":{"line":24,"column":34}},"loc":{"start":{"line":24,"column":45},"end":{"line":28,"column":5}},"line":24},"6":{"name":"(anonymous_6)","decl":{"start":{"line":25,"column":23},"end":{"line":25,"column":24}},"loc":{"start":{"line":25,"column":35},"end":{"line":25,"column":63}},"line":25},"7":{"name":"(anonymous_7)","decl":{"start":{"line":27,"column":15},"end":{"line":27,"column":16}},"loc":{"start":{"line":27,"column":27},"end":{"line":27,"column":85}},"line":27},"8":{"name":"(anonymous_8)","decl":{"start":{"line":32,"column":14},"end":{"line":32,"column":15}},"loc":{"start":{"line":32,"column":28},"end":{"line":45,"column":1}},"line":32}},"branchMap":{"0":{"loc":{"start":{"line":2,"column":15},"end":{"line":12,"column":1}},"type":"binary-expr","locations":[{"start":{"line":2,"column":16},"end":{"line":2,"column":20}},{"start":{"line":2,"column":24},"end":{"line":2,"column":37}},{"start":{"line":2,"column":42},"end":{"line":12,"column":1}}],"line":2},"1":{"loc":{"start":{"line":3,"column":15},"end":{"line":10,"column":5}},"type":"binary-expr","locations":[{"start":{"line":3,"column":15},"end":{"line":3,"column":28}},{"start":{"line":3,"column":32},"end":{"line":10,"column":5}}],"line":3},"2":{"loc":{"start":{"line":6,"column":29},"end":{"line":7,"column":28}},"type":"if","locations":[{"start":{"line":6,"column":29},"end":{"line":7,"column":28}},{"start":{"line":6,"column":29},"end":{"line":7,"column":28}}],"line":6},"3":{"loc":{"start":{"line":13,"column":22},"end":{"line":15,"column":1}},"type":"binary-expr","locations":[{"start":{"line":13,"column":23},"end":{"line":13,"column":27}},{"start":{"line":13,"column":31},"end":{"line":13,"column":51}},{"start":{"line":13,"column":56},"end":{"line":15,"column":1}}],"line":13},"4":{"loc":{"start":{"line":14,"column":11},"end":{"line":14,"column":61}},"type":"cond-expr","locations":[{"start":{"line":14,"column":37},"end":{"line":14,"column":40}},{"start":{"line":14,"column":43},"end":{"line":14,"column":61}}],"line":14},"5":{"loc":{"start":{"line":14,"column":12},"end":{"line":14,"column":33}},"type":"binary-expr","locations":[{"start":{"line":14,"column":12},"end":{"line":14,"column":15}},{"start":{"line":14,"column":19},"end":{"line":14,"column":33}}],"line":14},"6":{"loc":{"start":{"line":33,"column":29},"end":{"line":33,"column":65}},"type":"cond-expr","locations":[{"start":{"line":33,"column":45},"end":{"line":33,"column":60}},{"start":{"line":33,"column":63},"end":{"line":33,"column":65}}],"line":33},"7":{"loc":{"start":{"line":33,"column":98},"end":{"line":33,"column":125}},"type":"cond-expr","locations":[{"start":{"line":33,"column":114},"end":{"line":33,"column":120}},{"start":{"line":33,"column":123},"end":{"line":33,"column":125}}],"line":33},"8":{"loc":{"start":{"line":33,"column":154},"end":{"line":33,"column":176}},"type":"cond-expr","locations":[{"start":{"line":33,"column":170},"end":{"line":33,"column":171}},{"start":{"line":33,"column":174},"end":{"line":33,"column":176}}],"line":33},"9":{"loc":{"start":{"line":33,"column":199},"end":{"line":33,"column":221}},"type":"cond-expr","locations":[{"start":{"line":33,"column":215},"end":{"line":33,"column":216}},{"start":{"line":33,"column":219},"end":{"line":33,"column":221}}],"line":33},"10":{"loc":{"start":{"line":33,"column":266},"end":{"line":33,"column":288}},"type":"cond-expr","locations":[{"start":{"line":33,"column":282},"end":{"line":33,"column":283}},{"start":{"line":33,"column":286},"end":{"line":33,"column":288}}],"line":33},"11":{"loc":{"start":{"line":37,"column":23},"end":{"line":37,"column":65}},"type":"cond-expr","locations":[{"start":{"line":37,"column":47},"end":{"line":37,"column":56}},{"start":{"line":37,"column":59},"end":{"line":37,"column":65}}],"line":37}},"s":{"0":1,"1":1,"2":0,"3":0,"4":0,"5":0,"6":0,"7":0,"8":0,"9":0,"10":1,"11":1,"12":1,"13":1,"14":1,"15":1,"16":3,"17":2,"18":3,"19":3,"20":3,"21":3,"22":0,"23":0,"24":0,"25":0,"26":0,"27":3,"28":1,"29":1,"30":2,"31":2,"32":2,"33":2,"34":2,"35":2,"36":2,"37":2,"38":2,"39":2,"40":2,"41":2,"42":2,"43":2,"44":2,"45":2,"46":2,"47":2,"48":2,"49":1},"f":{"0":1,"1":0,"2":1,"3":3,"4":2,"5":0,"6":0,"7":0,"8":2},"b":{"0":[1,1,1],"1":[1,0],"2":[0,0],"3":[1,1,1],"4":[0,1],"5":[1,1],"6":[0,2],"7":[2,0],"8":[2,0],"9":[2,0],"10":[2,0],"11":[0,2]},"_coverageSchema":"43e27e138ebf9cfc5966b082cf9a028302ed4184","hash":"fc4f8cfc209d2c2e2efe451b254151c5a32163a1"}
}
